<?xml version="1.0" encoding="UTF-8"?>
<!-- Generated by org.testng.reporters.JUnitXMLReporter -->
<testsuite hostname="Rakyesh-PC" ignored="0" name="Default test" tests="13" failures="0" timestamp="10 Jan 2022 09:06:04 GMT" time="117.287" errors="0">
  <testcase name="guest_user_open_chrome" time="18.435" classname="datadriventest.BH_Register_External_1"/>
  <testcase name="then_open_bhane_webapplication" time="29.913" classname="datadriventest.BH_Register_External_1"/>
  <testcase name="then_select_india" time="5.703" classname="datadriventest.BH_Register_External_1"/>
  <testcase name="then_try_to_register" time="9.521" classname="datadriventest.BH_Register_External_1"/>
  <testcase name="then_try_to_register" time="2.956" classname="datadriventest.BH_Register_External_1"/>
  <testcase name="then_try_to_register" time="4.39" classname="datadriventest.BH_Register_External_1"/>
  <testcase name="then_try_to_register" time="0.165" classname="datadriventest.BH_Register_External_1"/>
  <testcase name="then_try_to_register" time="0.173" classname="datadriventest.BH_Register_External_1"/>
  <testcase name="then_try_to_register" time="0.176" classname="datadriventest.BH_Register_External_1"/>
  <testcase name="then_try_to_register" time="0.227" classname="datadriventest.BH_Register_External_1"/>
  <testcase name="then_try_to_register" time="0.144" classname="datadriventest.BH_Register_External_1"/>
  <testcase name="then_try_to_register" time="0.185" classname="datadriventest.BH_Register_External_1"/>
  <testcase name="then_try_to_register" time="0.139" classname="datadriventest.BH_Register_External_1"/>
</testsuite> <!-- Default test -->
